<?xml version="1.0" encoding="UTF-8"?>
<testng-results skipped="1" failed="0" ignored="0" total="2" passed="1">
  <reporter-output>
    <line>
      <![CDATA[<div "result">I am on amazon home page (PASSED : 13s)</div>]]>
    </line>
    <line>
      <![CDATA[<div "result">I search for &lt;iphone charger&gt; (PASSED : 4s)</div>]]>
    </line>
    <line>
      <![CDATA[<div "result">Search result should be displayed (PASSED : 0s)</div>]]>
    </line>
    <line>
      <![CDATA[<div "result">I am on amazon home page (FAILED : 0s)</div>]]>
    </line>
    <line>
      <![CDATA[<div "result">I search for &lt;lamp&gt; (SKIPPED)</div>]]>
    </line>
    <line>
      <![CDATA[<div "result">Search result should be displayed (SKIPPED)</div>]]>
    </line>
  </reporter-output>
  <suite name="Log Suite Example" duration-ms="20153" started-at="2018-07-24T16:54:14Z" finished-at="2018-07-24T16:54:34Z">
    <groups>
      <group name="cucumber scenarios">
        <method signature="TestRunner.scenario(cucumber.api.testng.PickleEventWrapper, cucumber.api.testng.CucumberFeatureWrapper)[pri:0, instance:com.cucumber.dblogging.ResultLogging.stepdefs.TestRunner@706a04ae]" name="scenario" class="com.cucumber.dblogging.ResultLogging.stepdefs.TestRunner"/>
      </group> <!-- cucumber scenarios -->
    </groups>
    <test name="TestNG logs sample" duration-ms="20153" started-at="2018-07-24T16:54:14Z" finished-at="2018-07-24T16:54:34Z">
      <class name="com.cucumber.dblogging.ResultLogging.stepdefs.TestRunner">
        <test-method status="PASS" signature="setUpClass()[pri:0, instance:com.cucumber.dblogging.ResultLogging.stepdefs.TestRunner@706a04ae]" name="setUpClass" is-config="true" duration-ms="400" started-at="2018-07-24T16:54:14Z" finished-at="2018-07-24T16:54:15Z">
          <reporter-output>
          </reporter-output>
        </test-method> <!-- setUpClass -->
        <test-method status="PASS" signature="scenario(cucumber.api.testng.PickleEventWrapper, cucumber.api.testng.CucumberFeatureWrapper)[pri:0, instance:com.cucumber.dblogging.ResultLogging.stepdefs.TestRunner@706a04ae]" name="scenario" duration-ms="19298" started-at="2018-07-24T16:54:15Z" description="Runs Cucumber scenarios" data-provider="scenarios" finished-at="2018-07-24T16:54:34Z">
          <params>
            <param index="0">
              <value>
                <![CDATA["Amazon search"]]>
              </value>
            </param>
            <param index="1">
              <value>
                <![CDATA["Testing the ResultLogging Feature"]]>
              </value>
            </param>
          </params>
          <reporter-output>
            <line>
              <![CDATA[<div "result">I am on amazon home page (PASSED : 13s)</div>]]>
            </line>
            <line>
              <![CDATA[<div "result">I search for &lt;iphone charger&gt; (PASSED : 4s)</div>]]>
            </line>
            <line>
              <![CDATA[<div "result">Search result should be displayed (PASSED : 0s)</div>]]>
            </line>
          </reporter-output>
        </test-method> <!-- scenario -->
        <test-method status="SKIP" signature="scenario(cucumber.api.testng.PickleEventWrapper, cucumber.api.testng.CucumberFeatureWrapper)[pri:0, instance:com.cucumber.dblogging.ResultLogging.stepdefs.TestRunner@706a04ae]" name="scenario" duration-ms="15" started-at="2018-07-24T16:54:34Z" description="Runs Cucumber scenarios" data-provider="scenarios" finished-at="2018-07-24T16:54:34Z">
          <params>
            <param index="0">
              <value>
                <![CDATA["Amazon search 2"]]>
              </value>
            </param>
            <param index="1">
              <value>
                <![CDATA["Testing the ResultLogging Feature"]]>
              </value>
            </param>
          </params>
          <exception class="org.openqa.selenium.NoSuchSessionException">
            <message>
              <![CDATA[Session ID is null. Using WebDriver after calling quit()?
Build info: version: '3.8.1', revision: '6e95a6684b', time: '2017-12-01T18:33:54.468Z'
System info: host: 'DESKTOP-IUDJ2E3', ip: '192.168.0.5', os.name: 'Windows 10', os.arch: 'amd64', os.version: '10.0', java.version: '1.8.0_171'
Driver info: driver.version: RemoteWebDriver]]>
            </message>
            <full-stacktrace>
              <![CDATA[org.openqa.selenium.NoSuchSessionException: Session ID is null. Using WebDriver after calling quit()?
Build info: version: '3.8.1', revision: '6e95a6684b', time: '2017-12-01T18:33:54.468Z'
System info: host: 'DESKTOP-IUDJ2E3', ip: '192.168.0.5', os.name: 'Windows 10', os.arch: 'amd64', os.version: '10.0', java.version: '1.8.0_171'
Driver info: driver.version: RemoteWebDriver
at org.openqa.selenium.remote.HttpCommandExecutor.execute(HttpCommandExecutor.java:125)
at org.openqa.selenium.remote.service.DriverCommandExecutor.execute(DriverCommandExecutor.java:83)
at org.openqa.selenium.remote.RemoteWebDriver.execute(RemoteWebDriver.java:548)
at org.openqa.selenium.remote.RemoteWebDriver.get(RemoteWebDriver.java:276)
at com.cucumber.dblogging.ResultLogging.stepdefs.TestLogStep.i_am_on_amazon_home_page(TestLogStep.java:26)
at âœ½.I am on amazon home page(src/test/resources/TestLog.feature:12)
]]>
            </full-stacktrace>
          </exception> <!-- org.openqa.selenium.NoSuchSessionException -->
          <reporter-output>
            <line>
              <![CDATA[<div "result">I am on amazon home page (FAILED : 0s)</div>]]>
            </line>
            <line>
              <![CDATA[<div "result">I search for &lt;lamp&gt; (SKIPPED)</div>]]>
            </line>
            <line>
              <![CDATA[<div "result">Search result should be displayed (SKIPPED)</div>]]>
            </line>
          </reporter-output>
        </test-method> <!-- scenario -->
        <test-method status="PASS" signature="tearDownClass()[pri:0, instance:com.cucumber.dblogging.ResultLogging.stepdefs.TestRunner@706a04ae]" name="tearDownClass" is-config="true" duration-ms="18" started-at="2018-07-24T16:54:34Z" finished-at="2018-07-24T16:54:34Z">
          <reporter-output>
          </reporter-output>
        </test-method> <!-- tearDownClass -->
      </class> <!-- com.cucumber.dblogging.ResultLogging.stepdefs.TestRunner -->
    </test> <!-- TestNG logs sample -->
  </suite> <!-- Log Suite Example -->
</testng-results>
